{"name":"Sign up for uTest","id":"utest;sign-up-for-utest","testSteps":[{"number":1,"description":"Given Than user wants to register in Utest","duration":23399,"startTime":"2022-10-14T22:56:10.451-05:00[America/Bogota]","exception":{"errorType":"net.thucydides.core.webdriver.exceptions.ElementShouldBeEnabledException","message":"Expected enabled element was not enabled","stackTrace":[{"declaringClass":"com.utest.tasks.Login","methodName":"performAs","fileName":"Login.java","lineNumber":19},{"declaringClass":"com.utest.stepdefinitions.UtestStepDefinitions","methodName":"thanUserWantsToRegisterInUtest","fileName":"UtestStepDefinitions.java","lineNumber":21},{"declaringClass":"cucumber.runner.Runner","methodName":"runPickle","fileName":"Runner.java","lineNumber":80}],"rootCause":{"errorType":"org.openqa.selenium.TimeoutException","message":"Expected condition failed: waiting for By.id: Input for password to be enabled (tried for 5 second(s) with 100 milliseconds interval)","stackTrace":[{"declaringClass":"com.utest.tasks.Login","methodName":"performAs","fileName":"Login.java","lineNumber":19},{"declaringClass":"com.utest.stepdefinitions.UtestStepDefinitions","methodName":"thanUserWantsToRegisterInUtest","fileName":"UtestStepDefinitions.java","lineNumber":21},{"declaringClass":"cucumber.runner.Runner","methodName":"runPickle","fileName":"Runner.java","lineNumber":80}],"rootCause":{"errorType":"org.openqa.selenium.NoSuchElementException","message":"no such element: Unable to locate element: {\"method\":\"css selector\",\"selector\":\"#Input\\ for\\ password\"}\n  (Session info: chrome\u003d106.0.5249.119)\nFor documentation on this error, please visit: https://www.seleniumhq.org/exceptions/no_such_element.html\nBuild info: version: \u00273.141.59\u0027, revision: \u0027e82be7d358\u0027, time: \u00272018-11-14T08:17:03\u0027\nSystem info: host: \u0027SACHIEL\u0027, ip: \u0027192.168.1.22\u0027, os.name: \u0027Windows 10\u0027, os.arch: \u0027amd64\u0027, os.version: \u002710.0\u0027, java.version: \u00271.8.0_151\u0027\nDriver info: org.openqa.selenium.chrome.ChromeDriver\nCapabilities {acceptInsecureCerts: false, browserName: chrome, browserVersion: 106.0.5249.119, chrome: {chromedriverVersion: 106.0.5249.61 (511755355844..., userDataDir: C:\\Users\\Usuario\\AppData\\Lo...}, goog:chromeOptions: {debuggerAddress: localhost:50983}, javascriptEnabled: true, networkConnectionEnabled: false, pageLoadStrategy: normal, platform: WINDOWS, platformName: WINDOWS, proxy: Proxy(), setWindowRect: true, strictFileInteractability: false, timeouts: {implicit: 0, pageLoad: 300000, script: 30000}, unhandledPromptBehavior: dismiss and notify, webauthn:extension:credBlob: true, webauthn:extension:largeBlob: true, webauthn:virtualAuthenticators: true}\nSession ID: 4b5ddb13daa6fc11892d039ccf7b456a\n*** Element info: {Using\u003did, value\u003dInput for password}","stackTrace":[{"declaringClass":"com.utest.tasks.Login","methodName":"performAs","fileName":"Login.java","lineNumber":19},{"declaringClass":"com.utest.stepdefinitions.UtestStepDefinitions","methodName":"thanUserWantsToRegisterInUtest","fileName":"UtestStepDefinitions.java","lineNumber":21},{"declaringClass":"cucumber.runner.Runner","methodName":"runPickle","fileName":"Runner.java","lineNumber":80}]}}},"result":"FAILURE","precondition":false,"level":0,"lineNumber":0,"children":[{"number":2,"description":"User open up","duration":5333,"startTime":"2022-10-14T22:56:10.857-05:00[America/Bogota]","screenshots":[{"screenshot":"bf45daf25962d56db1b0fd1413d7569c9f7a9ebea397292dbf0de5aca26a72cf.png","timeStamp":1665806176190}],"result":"SUCCESS","precondition":false,"level":1,"lineNumber":0,"children":[{"number":3,"description":"User opens the U test page","duration":5310,"startTime":"2022-10-14T22:56:10.873-05:00[America/Bogota]","screenshots":[{"screenshot":"bf45daf25962d56db1b0fd1413d7569c9f7a9ebea397292dbf0de5aca26a72cf.png","timeStamp":1665806176182}],"result":"SUCCESS","precondition":false,"level":2,"lineNumber":0}]},{"number":4,"description":"User login","duration":17659,"startTime":"2022-10-14T22:56:16.191-05:00[America/Bogota]","exception":{"errorType":"net.thucydides.core.webdriver.exceptions.ElementShouldBeEnabledException","message":"Expected enabled element was not enabled","stackTrace":[{"declaringClass":"com.utest.tasks.Login","methodName":"performAs","fileName":"Login.java","lineNumber":19},{"declaringClass":"com.utest.stepdefinitions.UtestStepDefinitions","methodName":"thanUserWantsToRegisterInUtest","fileName":"UtestStepDefinitions.java","lineNumber":21},{"declaringClass":"cucumber.runner.Runner","methodName":"runPickle","fileName":"Runner.java","lineNumber":80}],"rootCause":{"errorType":"org.openqa.selenium.TimeoutException","message":"Expected condition failed: waiting for By.id: Input for password to be enabled (tried for 5 second(s) with 100 milliseconds interval)","stackTrace":[{"declaringClass":"com.utest.tasks.Login","methodName":"performAs","fileName":"Login.java","lineNumber":19},{"declaringClass":"com.utest.stepdefinitions.UtestStepDefinitions","methodName":"thanUserWantsToRegisterInUtest","fileName":"UtestStepDefinitions.java","lineNumber":21},{"declaringClass":"cucumber.runner.Runner","methodName":"runPickle","fileName":"Runner.java","lineNumber":80}],"rootCause":{"errorType":"org.openqa.selenium.NoSuchElementException","message":"no such element: Unable to locate element: {\"method\":\"css selector\",\"selector\":\"#Input\\ for\\ password\"}\n  (Session info: chrome\u003d106.0.5249.119)\nFor documentation on this error, please visit: https://www.seleniumhq.org/exceptions/no_such_element.html\nBuild info: version: \u00273.141.59\u0027, revision: \u0027e82be7d358\u0027, time: \u00272018-11-14T08:17:03\u0027\nSystem info: host: \u0027SACHIEL\u0027, ip: \u0027192.168.1.22\u0027, os.name: \u0027Windows 10\u0027, os.arch: \u0027amd64\u0027, os.version: \u002710.0\u0027, java.version: \u00271.8.0_151\u0027\nDriver info: org.openqa.selenium.chrome.ChromeDriver\nCapabilities {acceptInsecureCerts: false, browserName: chrome, browserVersion: 106.0.5249.119, chrome: {chromedriverVersion: 106.0.5249.61 (511755355844..., userDataDir: C:\\Users\\Usuario\\AppData\\Lo...}, goog:chromeOptions: {debuggerAddress: localhost:50983}, javascriptEnabled: true, networkConnectionEnabled: false, pageLoadStrategy: normal, platform: WINDOWS, platformName: WINDOWS, proxy: Proxy(), setWindowRect: true, strictFileInteractability: false, timeouts: {implicit: 0, pageLoad: 300000, script: 30000}, unhandledPromptBehavior: dismiss and notify, webauthn:extension:credBlob: true, webauthn:extension:largeBlob: true, webauthn:virtualAuthenticators: true}\nSession ID: 4b5ddb13daa6fc11892d039ccf7b456a\n*** Element info: {Using\u003did, value\u003dInput for password}","stackTrace":[{"declaringClass":"com.utest.tasks.Login","methodName":"performAs","fileName":"Login.java","lineNumber":19},{"declaringClass":"com.utest.stepdefinitions.UtestStepDefinitions","methodName":"thanUserWantsToRegisterInUtest","fileName":"UtestStepDefinitions.java","lineNumber":21},{"declaringClass":"cucumber.runner.Runner","methodName":"runPickle","fileName":"Runner.java","lineNumber":80}]}}},"result":"FAILURE","precondition":false,"level":1,"lineNumber":0,"children":[{"number":5,"description":"User clicks on button to register","duration":472,"startTime":"2022-10-14T22:56:16.285-05:00[America/Bogota]","screenshots":[{"screenshot":"af40011ebb2540768644acb57818f314d8d42c75dc59223cebdcb681d0c23b7f.png","timeStamp":1665806176757}],"result":"SUCCESS","precondition":false,"level":2,"lineNumber":0},{"number":6,"description":"User enters \u0027Jefersson\u0027 into input for first name","duration":615,"startTime":"2022-10-14T22:56:16.757-05:00[America/Bogota]","screenshots":[{"screenshot":"3673ef9bb061331d7a5cfb4f1a1bdaec8a1b39d3005584df1ff7f7d00cb6861b.png","timeStamp":1665806177372}],"result":"SUCCESS","precondition":false,"level":2,"lineNumber":0},{"number":7,"description":"User enters \u0027Bedoya\u0027 into input for lastname","duration":472,"startTime":"2022-10-14T22:56:17.374-05:00[America/Bogota]","screenshots":[{"screenshot":"92a6a07fbde43ca81b40502c652f4c120379c23f01092047168764823244121b.png","timeStamp":1665806177846}],"result":"SUCCESS","precondition":false,"level":2,"lineNumber":0},{"number":8,"description":"User enters \u0027Engineerjef@gmail.com\u0027 into input for E-mail","duration":669,"startTime":"2022-10-14T22:56:17.847-05:00[America/Bogota]","screenshots":[{"screenshot":"07d21b8e33e58598b43a08f040154fe506af1f395af3a6686b596eb09f463bd3.png","timeStamp":1665806178516}],"result":"SUCCESS","precondition":false,"level":2,"lineNumber":0},{"number":9,"description":"User enters \u0027MARCH\u0027 into input for month of birth","duration":517,"startTime":"2022-10-14T22:56:18.516-05:00[America/Bogota]","screenshots":[{"screenshot":"695ab9933b4c0865f692e3a75a659cb7cf69993358ec3bebbe252a844cb7358d.png","timeStamp":1665806179033}],"result":"SUCCESS","precondition":false,"level":2,"lineNumber":0},{"number":10,"description":"User enters \u00273\u0027 into input for day of birth","duration":483,"startTime":"2022-10-14T22:56:19.033-05:00[America/Bogota]","screenshots":[{"screenshot":"ddcc886eeed82ab25c2fee1b55c7486dd222ea673ac24bde2f651dd187f6319d.png","timeStamp":1665806179516}],"result":"SUCCESS","precondition":false,"level":2,"lineNumber":0},{"number":11,"description":"User enters \u00271994\u0027 into input for year of birth","duration":521,"startTime":"2022-10-14T22:56:19.516-05:00[America/Bogota]","screenshots":[{"screenshot":"c6deefb9f371ec9a923f2b71502b7c7b7921a3b9d3fb3a79f4ff30be312becba.png","timeStamp":1665806180036}],"result":"SUCCESS","precondition":false,"level":2,"lineNumber":0},{"number":12,"description":"User clicks on Button to continue registration","duration":624,"startTime":"2022-10-14T22:56:20.038-05:00[America/Bogota]","screenshots":[{"screenshot":"1b5820bb00d8a0bcf075b339369107d238e1e85153c6b6427657c2d27dd11953.png","timeStamp":1665806180662}],"result":"SUCCESS","precondition":false,"level":2,"lineNumber":0},{"number":13,"description":"User enters \u0027Sincelejo Sucre, Colombia\u0027 into input for city","duration":862,"startTime":"2022-10-14T22:56:20.663-05:00[America/Bogota]","screenshots":[{"screenshot":"bdd900826b17247d8e7aaeb2e4ef521b90a57e2f5ca882e8ef6e7f3df2ad23e0.png","timeStamp":1665806181525}],"result":"SUCCESS","precondition":false,"level":2,"lineNumber":0},{"number":14,"description":"User enters \u0027700001\u0027 into input for ZIP","duration":694,"startTime":"2022-10-14T22:56:21.537-05:00[America/Bogota]","screenshots":[{"screenshot":"581fbd526e5d41555444db49bb8b8b74915ee06a9d3c93a68abf11820338e65c.png","timeStamp":1665806182231}],"result":"SUCCESS","precondition":false,"level":2,"lineNumber":0},{"number":15,"description":"User clicks on Button to continue registration","duration":624,"startTime":"2022-10-14T22:56:22.231-05:00[America/Bogota]","screenshots":[{"screenshot":"8ab13ad698b3c3e73150212886ed6cb2a6e449c2ec7e3eecb0805516422c3a41.png","timeStamp":1665806182855}],"result":"SUCCESS","precondition":false,"level":2,"lineNumber":0},{"number":16,"description":"User clicks on Button to continue registration","duration":510,"startTime":"2022-10-14T22:56:22.856-05:00[America/Bogota]","screenshots":[{"screenshot":"75e4025b89887c08a056001583ccb85323ec61c18d618fd20dd769a96d66a9ed.png","timeStamp":1665806183366}],"result":"SUCCESS","precondition":false,"level":2,"lineNumber":0},{"number":17,"description":"User enters \u0027Hola mundo123456\u0027 into ","duration":10484,"startTime":"2022-10-14T22:56:23.366-05:00[America/Bogota]","screenshots":[{"screenshot":"b1f006ab62250081a3abaf0b51c8b5fa98dc51a18802e86082720c1f8645aad7.png","htmlSource":"pagesource8975905488680517924.html.txt","timeStamp":1665806193834}],"exception":{"errorType":"net.thucydides.core.webdriver.exceptions.ElementShouldBeEnabledException","message":"Expected enabled element was not enabled","stackTrace":[{"declaringClass":"com.utest.tasks.Login","methodName":"performAs","fileName":"Login.java","lineNumber":19},{"declaringClass":"com.utest.stepdefinitions.UtestStepDefinitions","methodName":"thanUserWantsToRegisterInUtest","fileName":"UtestStepDefinitions.java","lineNumber":21},{"declaringClass":"cucumber.runner.Runner","methodName":"runPickle","fileName":"Runner.java","lineNumber":80}],"rootCause":{"errorType":"org.openqa.selenium.TimeoutException","message":"Expected condition failed: waiting for By.id: Input for password to be enabled (tried for 5 second(s) with 100 milliseconds interval)","stackTrace":[{"declaringClass":"com.utest.tasks.Login","methodName":"performAs","fileName":"Login.java","lineNumber":19},{"declaringClass":"com.utest.stepdefinitions.UtestStepDefinitions","methodName":"thanUserWantsToRegisterInUtest","fileName":"UtestStepDefinitions.java","lineNumber":21},{"declaringClass":"cucumber.runner.Runner","methodName":"runPickle","fileName":"Runner.java","lineNumber":80}],"rootCause":{"errorType":"org.openqa.selenium.NoSuchElementException","message":"no such element: Unable to locate element: {\"method\":\"css selector\",\"selector\":\"#Input\\ for\\ password\"}\n  (Session info: chrome\u003d106.0.5249.119)\nFor documentation on this error, please visit: https://www.seleniumhq.org/exceptions/no_such_element.html\nBuild info: version: \u00273.141.59\u0027, revision: \u0027e82be7d358\u0027, time: \u00272018-11-14T08:17:03\u0027\nSystem info: host: \u0027SACHIEL\u0027, ip: \u0027192.168.1.22\u0027, os.name: \u0027Windows 10\u0027, os.arch: \u0027amd64\u0027, os.version: \u002710.0\u0027, java.version: \u00271.8.0_151\u0027\nDriver info: org.openqa.selenium.chrome.ChromeDriver\nCapabilities {acceptInsecureCerts: false, browserName: chrome, browserVersion: 106.0.5249.119, chrome: {chromedriverVersion: 106.0.5249.61 (511755355844..., userDataDir: C:\\Users\\Usuario\\AppData\\Lo...}, goog:chromeOptions: {debuggerAddress: localhost:50983}, javascriptEnabled: true, networkConnectionEnabled: false, pageLoadStrategy: normal, platform: WINDOWS, platformName: WINDOWS, proxy: Proxy(), setWindowRect: true, strictFileInteractability: false, timeouts: {implicit: 0, pageLoad: 300000, script: 30000}, unhandledPromptBehavior: dismiss and notify, webauthn:extension:credBlob: true, webauthn:extension:largeBlob: true, webauthn:virtualAuthenticators: true}\nSession ID: 4b5ddb13daa6fc11892d039ccf7b456a\n*** Element info: {Using\u003did, value\u003dInput for password}","stackTrace":[{"declaringClass":"com.utest.tasks.Login","methodName":"performAs","fileName":"Login.java","lineNumber":19},{"declaringClass":"com.utest.stepdefinitions.UtestStepDefinitions","methodName":"thanUserWantsToRegisterInUtest","fileName":"UtestStepDefinitions.java","lineNumber":21},{"declaringClass":"cucumber.runner.Runner","methodName":"runPickle","fileName":"Runner.java","lineNumber":80}]}}},"result":"FAILURE","precondition":false,"level":2,"lineNumber":0}]}]},{"number":18,"description":"When he looks for the registration form","duration":15,"startTime":"2022-10-14T22:56:33.850-05:00[America/Bogota]","result":"SKIPPED","precondition":false,"level":0,"lineNumber":0},{"number":19,"description":"Then fill out the form","duration":0,"startTime":"2022-10-14T22:56:33.865-05:00[America/Bogota]","result":"SKIPPED","precondition":false,"level":0,"lineNumber":0}],"userStory":{"id":"utest","storyName":"uTest","path":"src/test/resources/features/uTest.feature","narrative":"  As a user I want to register on the uTest page","type":"feature"},"featureTag":{"name":"Features/uTest","type":"feature","displayName":"Features/uTest"},"title":"Sign up for uTest","tags":[{"name":"Scenario","type":"tag","displayName":"Scenario"},{"name":"uTest","type":"feature","displayName":"uTest"},{"name":"stories","type":"tag","displayName":"stories"},{"name":"","type":"tag","displayName":""}],"startTime":"2022-10-14T22:56:10.357-05:00[America/Bogota]","duration":23508,"testFailureCause":{"errorType":"net.thucydides.core.webdriver.exceptions.ElementShouldBeEnabledException","message":"Expected enabled element was not enabled","stackTrace":[{"declaringClass":"com.utest.tasks.Login","methodName":"performAs","fileName":"Login.java","lineNumber":19},{"declaringClass":"com.utest.stepdefinitions.UtestStepDefinitions","methodName":"thanUserWantsToRegisterInUtest","fileName":"UtestStepDefinitions.java","lineNumber":21},{"declaringClass":"cucumber.runner.Runner","methodName":"runPickle","fileName":"Runner.java","lineNumber":80}],"rootCause":{"errorType":"org.openqa.selenium.TimeoutException","message":"Expected condition failed: waiting for By.id: Input for password to be enabled (tried for 5 second(s) with 100 milliseconds interval)","stackTrace":[{"declaringClass":"com.utest.tasks.Login","methodName":"performAs","fileName":"Login.java","lineNumber":19},{"declaringClass":"com.utest.stepdefinitions.UtestStepDefinitions","methodName":"thanUserWantsToRegisterInUtest","fileName":"UtestStepDefinitions.java","lineNumber":21},{"declaringClass":"cucumber.runner.Runner","methodName":"runPickle","fileName":"Runner.java","lineNumber":80}],"rootCause":{"errorType":"org.openqa.selenium.NoSuchElementException","message":"no such element: Unable to locate element: {\"method\":\"css selector\",\"selector\":\"#Input\\ for\\ password\"}\n  (Session info: chrome\u003d106.0.5249.119)\nFor documentation on this error, please visit: https://www.seleniumhq.org/exceptions/no_such_element.html\nBuild info: version: \u00273.141.59\u0027, revision: \u0027e82be7d358\u0027, time: \u00272018-11-14T08:17:03\u0027\nSystem info: host: \u0027SACHIEL\u0027, ip: \u0027192.168.1.22\u0027, os.name: \u0027Windows 10\u0027, os.arch: \u0027amd64\u0027, os.version: \u002710.0\u0027, java.version: \u00271.8.0_151\u0027\nDriver info: org.openqa.selenium.chrome.ChromeDriver\nCapabilities {acceptInsecureCerts: false, browserName: chrome, browserVersion: 106.0.5249.119, chrome: {chromedriverVersion: 106.0.5249.61 (511755355844..., userDataDir: C:\\Users\\Usuario\\AppData\\Lo...}, goog:chromeOptions: {debuggerAddress: localhost:50983}, javascriptEnabled: true, networkConnectionEnabled: false, pageLoadStrategy: normal, platform: WINDOWS, platformName: WINDOWS, proxy: Proxy(), setWindowRect: true, strictFileInteractability: false, timeouts: {implicit: 0, pageLoad: 300000, script: 30000}, unhandledPromptBehavior: dismiss and notify, webauthn:extension:credBlob: true, webauthn:extension:largeBlob: true, webauthn:virtualAuthenticators: true}\nSession ID: 4b5ddb13daa6fc11892d039ccf7b456a\n*** Element info: {Using\u003did, value\u003dInput for password}","stackTrace":[{"declaringClass":"com.utest.tasks.Login","methodName":"performAs","fileName":"Login.java","lineNumber":19},{"declaringClass":"com.utest.stepdefinitions.UtestStepDefinitions","methodName":"thanUserWantsToRegisterInUtest","fileName":"UtestStepDefinitions.java","lineNumber":21},{"declaringClass":"cucumber.runner.Runner","methodName":"runPickle","fileName":"Runner.java","lineNumber":80}]}}},"testFailureClassname":"net.thucydides.core.webdriver.exceptions.ElementShouldBeEnabledException","testFailureMessage":"Expected enabled element was not enabled","testFailureSummary":"FAILURE;net.thucydides.core.webdriver.exceptions.ElementShouldBeEnabledException;Expected enabled element was not enabled;Login.java","projectKey":"","annotatedResult":"FAILURE","sessionId":"4b5ddb13daa6fc11892d039ccf7b456a","driver":"chrome:user","isManualTestingUpToDate":false,"manual":false,"testSource":"Cucumber","actors":[{"name":"User","can":["browse the web"]}],"result":"FAILURE"}